<?xml version="1.0" encoding="UTF-8"?>
<!-- Generated by org.testng.reporters.JUnitReportReporter -->
<testsuite skipped="0" hostname="CBT-MH-000" name="Tsixth" tests="1" failures="0" timestamp="24 Oct 2019 05:06:40 GMT" time="9.464" errors="0">
  <testcase name="createTweet" time="9.464" classname="Tsixth"/>
</testsuite> <!-- Tsixth -->
