<?xml version="1.0" encoding="UTF-8"?>
<!-- Generated by org.testng.reporters.JUnitReportReporter -->
<testsuite skipped="0" hostname="CBT-MH-000" name="assgnmnt.Block" tests="1" failures="0" timestamp="31 Oct 2019 09:39:42 GMT" time="1.528" errors="0">
  <testcase name="createtweet" time="1.528" classname="assgnmnt.Block"/>
</testsuite> <!-- assgnmnt.Block -->
