<?xml version="1.0" encoding="UTF-8"?>
<!-- Generated by org.testng.reporters.JUnitReportReporter -->
<testsuite skipped="0" hostname="CBT-MH-000" name="Twitter1" tests="1" failures="0" timestamp="23 Oct 2019 09:26:53 GMT" time="49.836" errors="0">
  <testcase name="createTweet" time="49.836" classname="Twitter1"/>
</testsuite> <!-- Twitter1 -->
