<?xml version="1.0" encoding="UTF-8"?>
<!-- Generated by org.testng.reporters.JUnitReportReporter -->
<testsuite skipped="0" hostname="CBT-MH-000" name="first" tests="1" failures="0" timestamp="23 Oct 2019 05:12:44 GMT" time="26.497" errors="0">
  <testcase name="APITest" time="26.497" classname="first"/>
</testsuite> <!-- first -->
