<?xml version="1.0" encoding="UTF-8"?>
<!-- Generated by org.testng.reporters.JUnitReportReporter -->
<testsuite skipped="0" hostname="CBT-MH-000" name="username" tests="1" failures="0" timestamp="23 Oct 2019 08:37:14 GMT" time="22.887" errors="0">
  <testcase name="UserName" time="22.887" classname="username"/>
</testsuite> <!-- username -->
