<?xml version="1.0" encoding="UTF-8"?>
<!-- Generated by org.testng.reporters.JUnitReportReporter -->
<testsuite skipped="0" hostname="CBT-MH-000" name="weather" tests="1" failures="0" timestamp="23 Oct 2019 09:49:50 GMT" time="9.148" errors="0">
  <testcase name="getWeather" time="9.148" classname="weather"/>
</testsuite> <!-- weather -->
