<?xml version="1.0" encoding="UTF-8"?>
<!-- Generated by org.testng.reporters.JUnitReportReporter -->
<testsuite skipped="0" hostname="CBT-MH-000" name="twitter" tests="1" failures="0" timestamp="23 Oct 2019 10:57:27 GMT" time="21.468" errors="0">
  <testcase name="createTweet" time="21.468" classname="twitter"/>
</testsuite> <!-- twitter -->
