<?xml version="1.0" encoding="UTF-8"?>
<!-- Generated by org.testng.reporters.JUnitReportReporter -->
<testsuite skipped="0" hostname="CBT-MH-000" name="blockuser" tests="1" failures="0" timestamp="23 Oct 2019 09:34:01 GMT" time="3.975" errors="0">
  <testcase name="searchTweet" time="3.975" classname="blockuser"/>
</testsuite> <!-- blockuser -->
