<?xml version="1.0" encoding="UTF-8"?>
<!-- Generated by org.testng.reporters.JUnitReportReporter -->
<testsuite skipped="0" hostname="CBT-MH-000" name="Block" tests="1" failures="0" timestamp="23 Oct 2019 11:00:46 GMT" time="12.131" errors="0">
  <testcase name="createtweet" time="12.131" classname="Block"/>
</testsuite> <!-- Block -->
