<?xml version="1.0" encoding="UTF-8"?>
<!-- Generated by org.testng.reporters.JUnitReportReporter -->
<testsuite skipped="0" hostname="CBT-MH-000" name="assgnmnt.Tsixth" tests="1" failures="0" timestamp="31 Oct 2019 09:39:42 GMT" time="5.053" errors="0">
  <testcase name="createTweet" time="5.053" classname="assgnmnt.Tsixth"/>
</testsuite> <!-- assgnmnt.Tsixth -->
