<?xml version="1.0" encoding="UTF-8"?>
<!-- Generated by org.testng.reporters.JUnitReportReporter -->
<testsuite skipped="0" hostname="CBT-MH-000" name="assgnmnt.Tfifth" tests="1" failures="0" timestamp="30 Oct 2019 06:02:18 GMT" time="9.646" errors="0">
  <testcase name="searchTweet" time="9.646" classname="assgnmnt.Tfifth"/>
</testsuite> <!-- assgnmnt.Tfifth -->
