<?xml version="1.0" encoding="UTF-8"?>
<!-- Generated by org.testng.reporters.JUnitReportReporter -->
<testsuite skipped="0" hostname="CBT-MH-000" name="assgnmnt.posttweet" tests="1" failures="0" timestamp="31 Oct 2019 09:39:42 GMT" time="7.222" errors="0">
  <testcase name="createTweet" time="7.222" classname="assgnmnt.posttweet"/>
</testsuite> <!-- assgnmnt.posttweet -->
