<?xml version="1.0" encoding="UTF-8"?>
<!-- Generated by org.testng.reporters.JUnitReportReporter -->
<testsuite skipped="0" hostname="CBT-MH-000" name="files.testcase1" tests="1" failures="0" timestamp="30 Oct 2019 10:02:50 GMT" time="20.358" errors="0">
  <testcase name="method" time="20.358" classname="files.testcase1"/>
</testsuite> <!-- files.testcase1 -->
