<?xml version="1.0" encoding="UTF-8"?>
<!-- Generated by org.testng.reporters.JUnitReportReporter -->
<testsuite skipped="0" hostname="CBT-MH-000" name="files.testcase2" tests="1" failures="0" timestamp="30 Oct 2019 10:02:50 GMT" time="29.920" errors="0">
  <testcase name="method" time="29.920" classname="files.testcase2"/>
</testsuite> <!-- files.testcase2 -->
