<?xml version="1.0" encoding="UTF-8"?>
<!-- Generated by org.testng.reporters.JUnitReportReporter -->
<testsuite skipped="0" hostname="CBT-MH-000" name="files.Logintest" tests="1" failures="0" timestamp="31 Oct 2019 09:42:56 GMT" time="37.888" errors="0">
  <testcase name="method" time="37.888" classname="files.Logintest"/>
</testsuite> <!-- files.Logintest -->
