<?xml version="1.0" encoding="UTF-8"?>
<!-- Generated by org.testng.reporters.JUnitReportReporter -->
<testsuite skipped="0" hostname="CBT-MH-000" name="files.regtestcase" tests="1" failures="0" timestamp="31 Oct 2019 09:42:57 GMT" time="28.121" errors="0">
  <testcase name="method" time="28.121" classname="files.regtestcase"/>
</testsuite> <!-- files.regtestcase -->
